<?xml version="1.0" encoding="UTF-8"?>
<!-- Generated by org.testng.reporters.JUnitReportReporter -->
<testsuite hostname="L5-S203661" name="TestNG.TestCase1" tests="2" failures="0" timestamp="20 Jun 2020 13:14:56 GMT" time="0.017" errors="0">
  <testcase name="testCase1" time="0.014" classname="TestNG.TestCase1"/>
  <testcase name="testCase2" time="0.003" classname="TestNG.TestCase1"/>
</testsuite> <!-- TestNG.TestCase1 -->
